\BOOKMARK [1][-]{section.1}{Motivation and goals}{}% 1
\BOOKMARK [1][-]{section.2}{Introduction on Tichu}{}% 2
\BOOKMARK [1][-]{section.3}{Our Model and approximations}{}% 3
\BOOKMARK [2][-]{subsection.3.1}{Basic assumptions}{section.3}% 4
\BOOKMARK [2][-]{subsection.3.2}{Introducing the game model}{section.3}% 5
\BOOKMARK [3][-]{subsubsection*.2}{Subgame A}{subsection.3.2}% 6
\BOOKMARK [2][-]{subsection.3.3}{Subgame B.0}{section.3}% 7
\BOOKMARK [2][-]{subsection.3.4}{Subgame B.1}{section.3}% 8
\BOOKMARK [2][-]{subsection.3.5}{Subgame B.2}{section.3}% 9
\BOOKMARK [3][-]{subsubsection*.17}{Course of the game}{subsection.3.5}% 10
\BOOKMARK [1][-]{section.4}{Realisation}{}% 11
\BOOKMARK [2][-]{subsection.4.1}{Subgame B.0}{section.4}% 12
\BOOKMARK [2][-]{subsection.4.2}{Subgame B.1}{section.4}% 13
\BOOKMARK [2][-]{subsection.4.3}{Subgame B.2}{section.4}% 14
\BOOKMARK [1][-]{section.5}{Simulation}{}% 15
\BOOKMARK [2][-]{subsection.5.1}{B.1}{section.5}% 16
\BOOKMARK [3][-]{subsubsection*.24}{Adjusting }{subsection.5.1}% 17
\BOOKMARK [1][-]{section.6}{Conclusion}{}% 18
\BOOKMARK [2][-]{subsubsection*.25}{Subgame B.0}{section.6}% 19
\BOOKMARK [3][-]{subsubsection*.26}{Subgame B.1}{subsubsection*.25}% 20
\BOOKMARK [3][-]{subsubsection*.27}{Subgame B.2}{subsubsection*.25}% 21
